61d44542ce7fa77fccf587fe6e7e26bf41a0f1663a69fbf6115e8c1eceaf6e98  ./binaries/arm/14/socat
f176beccd44d81fb5a6991ceebcc7c2d79c7b4582a87bc8977468890bc68bf07  ./binaries/arm/15/socat
e5e7bffb1d3d96d69110145923da25265474633078c1620ec6bc8ac297873af6  ./binaries/arm/16/socat
69e016d853287c15e59081242943ed3be59437a1f258c426b523685553ead49a  ./binaries/arm/17/socat
d4d35a8a50ebd36226e851abe0c3196e8f93ec41f060c36477abb5664eab52cd  ./binaries/arm/18/socat
6c07df16aa3fc499a3b3342d4f6369dfc09ba7e7f578907fb5bbd51c1574a5a3  ./binaries/arm/19/socat
bd70986ff0fe18c05683486598f7c40a83359146b843fc47e457454de8747c36  ./binaries/arm/21/socat
2304df520aae0530cfe2243faeeac2e2b914c5e3775d58789b2fb5c191a9ac61  ./binaries/arm/22/socat
d54db0bca0a38a30d1852e632829a32ed4a607cdb3758930b949fa1616ce0410  ./binaries/arm/23/filan
d54db0bca0a38a30d1852e632829a32ed4a607cdb3758930b949fa1616ce0410  ./binaries/arm/23/procan
d54db0bca0a38a30d1852e632829a32ed4a607cdb3758930b949fa1616ce0410  ./binaries/arm/23/socat
67d9a5aed9e69d6daeaae6d7275781f441da7af369cab93fed445c327b68bc77  ./binaries/arm/24/filan
67d9a5aed9e69d6daeaae6d7275781f441da7af369cab93fed445c327b68bc77  ./binaries/arm/24/procan
67d9a5aed9e69d6daeaae6d7275781f441da7af369cab93fed445c327b68bc77  ./binaries/arm/24/socat
688c116926a7b0f01a9c47067e0d829810b802138ce06b2cf73e1ad35d659f80  ./binaries/arm/26/filan
688c116926a7b0f01a9c47067e0d829810b802138ce06b2cf73e1ad35d659f80  ./binaries/arm/26/procan
688c116926a7b0f01a9c47067e0d829810b802138ce06b2cf73e1ad35d659f80  ./binaries/arm/26/socat
ca5160e0875b3763355fb25a88763d5465645a567c06c5b30ed3e05009224642  ./binaries/arm64/21/socat
50db696b36c88bb35093ec85f136ca8f19d261a2b220918c34feb02a5fa909d3  ./binaries/arm64/22/socat
b33757ee66bb4f47697babbf4a043f989e66744c95ba07f710ccb8bcfeeb62f8  ./binaries/arm64/23/filan
b33757ee66bb4f47697babbf4a043f989e66744c95ba07f710ccb8bcfeeb62f8  ./binaries/arm64/23/procan
b33757ee66bb4f47697babbf4a043f989e66744c95ba07f710ccb8bcfeeb62f8  ./binaries/arm64/23/socat
bcb6e9f5f83d06882a74c0238ba2f5523a2d7d5005a3a95a44048fedbb9e5cc9  ./binaries/arm64/24/filan
bcb6e9f5f83d06882a74c0238ba2f5523a2d7d5005a3a95a44048fedbb9e5cc9  ./binaries/arm64/24/procan
bcb6e9f5f83d06882a74c0238ba2f5523a2d7d5005a3a95a44048fedbb9e5cc9  ./binaries/arm64/24/socat
2cc95d9bc8de9c0aa272040b3d52650649b35626214fd5d79b7506a5f864e6ce  ./binaries/arm64/26/filan
2cc95d9bc8de9c0aa272040b3d52650649b35626214fd5d79b7506a5f864e6ce  ./binaries/arm64/26/procan
2cc95d9bc8de9c0aa272040b3d52650649b35626214fd5d79b7506a5f864e6ce  ./binaries/arm64/26/socat
d8e0a527ec45d47b6f1d670978f1480aa725d2b551c0eed34d1402701ae646ab  ./binaries/mips/14/socat
3290dadec4a546bed92debf0ecee05f6da345acbfdfc6d0f8488a05ce2ee1adf  ./binaries/mips/15/socat
4b46e7258019c43c03e4fdf449803b6192dce59a76130fc398927d504dac025f  ./binaries/mips/16/socat
f38a274b6c0be0ccd715f8e75c5c58bda37e036f67ea92973072373eff842016  ./binaries/mips/17/socat
8b87f734e47b1d1fc8eefb4e78f37f3683eada58120e1d3f51a1f8ee2fb36c1f  ./binaries/mips/18/socat
58e9ae1a421311b8c27b26bdbeb17a5cf7c03f45d187a1afba2ca7b506995442  ./binaries/mips/19/socat
5788a11f24262679c4db9c7f322649d1ed52fa53547da238d7d0a761527d1384  ./binaries/mips/21/socat
0469a1d0eb8b3345c62a954b30c8857798123f20c0e30dc0791c8d48534f89fe  ./binaries/mips/22/socat
65c4128f9893f6c3dea101dc6967c4e24d44391e8e3e036c41a107aecae5a1d5  ./binaries/mips/23/filan
65c4128f9893f6c3dea101dc6967c4e24d44391e8e3e036c41a107aecae5a1d5  ./binaries/mips/23/procan
65c4128f9893f6c3dea101dc6967c4e24d44391e8e3e036c41a107aecae5a1d5  ./binaries/mips/23/socat
fae42f5e23fd732e20ecbde53ef24aebccd9ec239c4e9932ad0ea0ea38f1603c  ./binaries/mips/24/filan
fae42f5e23fd732e20ecbde53ef24aebccd9ec239c4e9932ad0ea0ea38f1603c  ./binaries/mips/24/procan
fae42f5e23fd732e20ecbde53ef24aebccd9ec239c4e9932ad0ea0ea38f1603c  ./binaries/mips/24/socat
00e5c4a87db7b56fe68cc845fdcafeb16fdaa7212b9d84567bceb05ff9c167a6  ./binaries/mips/26/filan
00e5c4a87db7b56fe68cc845fdcafeb16fdaa7212b9d84567bceb05ff9c167a6  ./binaries/mips/26/procan
00e5c4a87db7b56fe68cc845fdcafeb16fdaa7212b9d84567bceb05ff9c167a6  ./binaries/mips/26/socat
6c8d027928fac77ec9dbf11c4eced4ea9c686750fa260c4f74fd8448ab2599f4  ./binaries/mips64/21/socat
f9bee821b078bd87508583a5e6fd8f7f77ff182c1b340294ac936d0483303190  ./binaries/mips64/22/socat
0ba3d84ddb82d6f71cd46d3d4bd442602cc676abb062eea257661d70092d5d92  ./binaries/mips64/23/filan
0ba3d84ddb82d6f71cd46d3d4bd442602cc676abb062eea257661d70092d5d92  ./binaries/mips64/23/procan
0ba3d84ddb82d6f71cd46d3d4bd442602cc676abb062eea257661d70092d5d92  ./binaries/mips64/23/socat
724ed5af0a6d400ea2d975ddb86839d8ef5f9da4ecf628e88380209b1dab494d  ./binaries/mips64/24/filan
724ed5af0a6d400ea2d975ddb86839d8ef5f9da4ecf628e88380209b1dab494d  ./binaries/mips64/24/procan
724ed5af0a6d400ea2d975ddb86839d8ef5f9da4ecf628e88380209b1dab494d  ./binaries/mips64/24/socat
eae90b3f24922c78f5bc4f6482ab4e7a0fbb526a59a17a37baad3353a9684aaa  ./binaries/mips64/26/filan
eae90b3f24922c78f5bc4f6482ab4e7a0fbb526a59a17a37baad3353a9684aaa  ./binaries/mips64/26/procan
eae90b3f24922c78f5bc4f6482ab4e7a0fbb526a59a17a37baad3353a9684aaa  ./binaries/mips64/26/socat
4fb2d5a8d5680aa15dcf184cbeef8beffd23fe45fc64b6f5b3bada4167b556af  ./binaries/x86/14/socat
9b6c6fded441b2ecf2eea2e816c3c435d7ffba067a6e4fd396018b546ae60ce9  ./binaries/x86/15/socat
6fd522e5711360e8090dc72570e77669c86146287a253be293aaa85832ff2126  ./binaries/x86/16/socat
43d097643a39cb057599d4584d092ee4c7d9349dbf11a74388dc9ce311074f4e  ./binaries/x86/17/socat
0209ca4aecf7982a330ebaaf20713a0d98d3d3687c8d5ba7bf389a441823caf6  ./binaries/x86/18/socat
f3bc552afb418853be2b6fee876d0af7c8745d1fd4ed412af3618b6e10a99f19  ./binaries/x86/19/socat
dddad4069332796efe7b1511b81fb55f462c5a4e0cbed4f4182e76256cf23271  ./binaries/x86/21/socat
9ef5f1eb70b3d1de34ebfdfcd1f2f480c012f88d85430fdd24837feb2e3d2710  ./binaries/x86/22/socat
10289607e6720565b427c7bd04a10168165b0bcaba7f5e33aa9451d4453895f6  ./binaries/x86/23/filan
10289607e6720565b427c7bd04a10168165b0bcaba7f5e33aa9451d4453895f6  ./binaries/x86/23/procan
10289607e6720565b427c7bd04a10168165b0bcaba7f5e33aa9451d4453895f6  ./binaries/x86/23/socat
43af5818b543f68537dc05aed541b43adf48259cdbcf0203d2aa8abcc6ddbe46  ./binaries/x86/24/filan
43af5818b543f68537dc05aed541b43adf48259cdbcf0203d2aa8abcc6ddbe46  ./binaries/x86/24/procan
43af5818b543f68537dc05aed541b43adf48259cdbcf0203d2aa8abcc6ddbe46  ./binaries/x86/24/socat
b5c788b7f9e29b808543fe627139d32d4420cee8c5bb547f61ec12aa436afca6  ./binaries/x86/26/filan
b5c788b7f9e29b808543fe627139d32d4420cee8c5bb547f61ec12aa436afca6  ./binaries/x86/26/procan
b5c788b7f9e29b808543fe627139d32d4420cee8c5bb547f61ec12aa436afca6  ./binaries/x86/26/socat
be798804f2a603caf37c820420fb8c9c569bf0d27a6ac5e3e1434a5a6ec69516  ./binaries/x86_64/21/socat
555d08305b6dc2d657dfbbdcee809efd0336ee4fb4f6c28af1f02e441f69b7b9  ./binaries/x86_64/22/socat
df09fceff4e13d75a9bc212fe249050ec3843d109611e4091d39a5556349fe01  ./binaries/x86_64/23/filan
df09fceff4e13d75a9bc212fe249050ec3843d109611e4091d39a5556349fe01  ./binaries/x86_64/23/procan
df09fceff4e13d75a9bc212fe249050ec3843d109611e4091d39a5556349fe01  ./binaries/x86_64/23/socat
1c97088ed04e2da9812ae422cfcc4fce1b2c6cf0f7ddb70f70f4be3138be2c5b  ./binaries/x86_64/24/filan
1c97088ed04e2da9812ae422cfcc4fce1b2c6cf0f7ddb70f70f4be3138be2c5b  ./binaries/x86_64/24/procan
1c97088ed04e2da9812ae422cfcc4fce1b2c6cf0f7ddb70f70f4be3138be2c5b  ./binaries/x86_64/24/socat
5bfe6a580e4e69fca1b2730f3bd9688532ff9ec51079abb3ed46c31428a6d7fd  ./binaries/x86_64/26/filan
5bfe6a580e4e69fca1b2730f3bd9688532ff9ec51079abb3ed46c31428a6d7fd  ./binaries/x86_64/26/procan
5bfe6a580e4e69fca1b2730f3bd9688532ff9ec51079abb3ed46c31428a6d7fd  ./binaries/x86_64/26/socat
